C51 COMPILER V9.60.0.0   TRAFFIC                                                           06/22/2025 18:01:12 PAGE 1   


C51 COMPILER V9.60.0.0, COMPILATION OF MODULE TRAFFIC
OBJECT MODULE PLACED IN .\Objects\Traffic.obj
COMPILER INVOKED BY: C:\Keil_v5\C51\BIN\C51.EXE Traffic.c OPTIMIZE(8,SPEED) BROWSE DEBUG OBJECTEXTEND PRINT(.\Listings\T
                    -raffic.lst) TABS(2) OBJECT(.\Objects\Traffic.obj)

line level    source

   1          /*#include <reg51.h>
   2          // First traffic light (P2.0 - P2.2)
   3          sbit red1 = P2^0;
   4          sbit yellow1 = P2^1;
   5          sbit green1 = P2^2;
   6          // Second traffic light (P2.3 - P2.5)
   7          sbit red2 = P2^3;
   8          sbit yellow2 = P2^4;
   9          sbit green2 = P2^5;
  10          // Third traffic light (P3.0 - P3.2)
  11          sbit red3 = P3^0;
  12          sbit yellow3 = P3^1;
  13          sbit green3 = P3^2;
  14          // Delay function
  15          void Delay(int time)
  16          {
  17              int i, j;
  18              for (i = 0; i < time; i++)
  19              {
  20                  for (j = 0; j < 1000; j++)
  21                  {
  22                  }
  23              }
  24          }
  25          // Function to turn off all lights
  26          void allOff()
  27          {
  28              red1 = yellow1 = green1 = 0;
  29              red2 = yellow2 = green2 = 0;
  30              red3 = yellow3 = green3 = 0;
  31          }
  32          void main()
  33          {
  34              while (1)
  35              {
  36                  // First Traffic Light Green
  37                  allOff();
  38                  green1 = 1;
  39                  red2 = 1;
  40                  red3 = 1;
  41                  Delay(200);
  42                  // Yellow transition for First
  43                  green1 = 0;
  44                  yellow1 = 1;
  45                  Delay(200);
  46                  yellow1 = 0;
  47                  // Second Traffic Light Green
  48                  allOff();
  49                  red1 = 1;
  50                  green2 = 1;
  51                  red3 = 1;
  52                  Delay(200);
  53                  // Yellow transition for Second
  54                  green2 = 0;
C51 COMPILER V9.60.0.0   TRAFFIC                                                           06/22/2025 18:01:12 PAGE 2   

  55                  yellow2 = 1;
  56                  Delay(200);
  57                  yellow2 = 0;
  58                  // Third Traffic Light Green
  59                  allOff();
  60                  red1 = 1;
  61                  red2 = 1;
  62                  green3 = 1;
  63                  Delay(200);
  64                  // Yellow transition for Third
  65                  green3 = 0;
  66                  yellow3 = 1;
  67                  Delay(200);
  68                  yellow3 = 0;
  69              }
  70          }
  71          */
  72          
  73          #include <reg51.h>
  74          
  75          // First traffic light (P2.0 - P2.2)
  76          sbit red1 = P2^0;
  77          sbit yellow1 = P2^1;
  78          sbit green1 = P2^2;
  79          
  80          // Second traffic light (P2.3 - P2.5)
  81          sbit red2 = P2^3;
  82          sbit yellow2 = P2^4;
  83          sbit green2 = P2^5;
  84          
  85          // Third traffic light (P3.0 - P3.2)
  86          sbit red3 = P3^0;
  87          sbit yellow3 = P3^1;
  88          sbit green3 = P3^2;
  89          
  90          // Delay function
  91          void Delay(int time)
  92          {
  93   1          int i, j;
  94   1          for (i = 0; i < time; i++)
  95   1          {
  96   2              for (j = 0; j < 1000; j++)
  97   2              {
  98   3              }
  99   2          }
 100   1      }
 101          
 102          // Function to turn off all lights
 103          void allOff()
 104          {
 105   1          red1 = yellow1 = green1 = 0;
 106   1          red2 = yellow2 = green2 = 0;
 107   1          red3 = yellow3 = green3 = 0;
 108   1      }
 109          
 110          void main()
 111          {
 112   1          while (1)
 113   1          {
 114   2              // Cycle 1: First road red, Second road yellow-green, Third road green-yellow
 115   2              allOff();
 116   2              red1 = 1;     // First road red
C51 COMPILER V9.60.0.0   TRAFFIC                                                           06/22/2025 18:01:12 PAGE 3   

 117   2              green2 = 1;   // Second road green
 118   2              red3 = 1;     // Third road red
 119   2              Delay(200);
 120   2              
 121   2              allOff();
 122   2              yellow2 = 1;  // Second road yellow
 123   2              red1 = 1;      // First road red
 124   2              green3 = 1;    // Third road green
 125   2              Delay(200);
 126   2              
 127   2              allOff();
 128   2              red2 = 1;      // Second road red
 129   2              green1 = 1;    // First road green
 130   2              yellow3 = 1;   // Third road yellow
 131   2              Delay(200);
 132   2              
 133   2              // Cycle 2: Second road red, First road yellow-green, Third road green-yellow
 134   2              allOff();
 135   2              red2 = 1;     // Second road red
 136   2              green1 = 1;   // First road green
 137   2              red3 = 1;     // Third road red
 138   2              Delay(200);
 139   2              
 140   2              allOff();
 141   2              yellow1 = 1;  // First road yellow
 142   2              red2 = 1;     // Second road red
 143   2              green3 = 1;   // Third road green
 144   2              Delay(200);
 145   2              
 146   2              allOff();
 147   2              red1 = 1;     // First road red
 148   2              green2 = 1;   // Second road green
 149   2              yellow3 = 1;  // Third road yellow
 150   2              Delay(200);
 151   2              
 152   2              // Cycle 3: Third road red, First road yellow-green, Second road green-yellow
 153   2              allOff();
 154   2              red3 = 1;     // Third road red
 155   2              green1 = 1;   // First road green
 156   2              red2 = 1;     // Second road red
 157   2              Delay(200);
 158   2              
 159   2              allOff();
 160   2              yellow1 = 1;  // First road yellow
 161   2              red3 = 1;     // Third road red
 162   2              green2 = 1;   // Second road green
 163   2              Delay(200);
 164   2              
 165   2              allOff();
 166   2              red1 = 1;     // First road red
 167   2              yellow2 = 1;  // Second road yellow
 168   2              green3 = 1;   // Third road green
 169   2              Delay(200);
 170   2          }
 171   1      }


MODULE INFORMATION:   STATIC OVERLAYABLE
   CODE SIZE        =    166    ----
   CONSTANT SIZE    =   ----    ----
   XDATA SIZE       =   ----    ----
   PDATA SIZE       =   ----    ----
C51 COMPILER V9.60.0.0   TRAFFIC                                                           06/22/2025 18:01:12 PAGE 4   

   DATA SIZE        =   ----    ----
   IDATA SIZE       =   ----    ----
   BIT SIZE         =   ----    ----
END OF MODULE INFORMATION.


C51 COMPILATION COMPLETE.  0 WARNING(S),  0 ERROR(S)
