C51 COMPILER V9.60.7.0   2ND_LAB1                                                          05/05/2025 11:10:21 PAGE 1   


C51 COMPILER V9.60.7.0, COMPILATION OF MODULE 2ND_LAB1
OBJECT MODULE PLACED IN .\Objects\2nd_Lab1.obj
COMPILER INVOKED BY: C:\Keil_v5\C51\BIN\C51.EXE 2nd_Lab1.c OPTIMIZE(8,SPEED) BROWSE DEBUG OBJECTEXTEND PRINT(.\Listings\
                    -2nd_Lab1.lst) TABS(2) OBJECT(.\Objects\2nd_Lab1.obj)

line level    source

   1          #include<reg51.h>
   2          void Delay (unsigned int time);
   3          int main()
   4          {
   5   1          while (1)
   6   1          {
   7   2              P2=P1;
   8   2              Delay(1000);
   9   2          }
  10   1      }
  11          void Delay (unsigned int time)
  12          {
  13   1          unsigned int i,j;
  14   1          for(i=0; i<time; i++)
  15   1          {
  16   2              for(j=0; j<23; j++) {}
  17   2          }
  18   1      }


MODULE INFORMATION:   STATIC OVERLAYABLE
   CODE SIZE        =     44    ----
   CONSTANT SIZE    =   ----    ----
   XDATA SIZE       =   ----    ----
   PDATA SIZE       =   ----    ----
   DATA SIZE        =   ----    ----
   IDATA SIZE       =   ----    ----
   BIT SIZE         =   ----    ----
END OF MODULE INFORMATION.


C51 COMPILATION COMPLETE.  0 WARNING(S),  0 ERROR(S)
