C51 COMPILER V9.60.0.0   STEPPER_L2                                                        07/06/2024 00:48:39 PAGE 1   


C51 COMPILER V9.60.0.0, COMPILATION OF MODULE STEPPER_L2
OBJECT MODULE PLACED IN .\Objects\STEPPER L2.obj
COMPILER INVOKED BY: C:\Keil_v5\C51\BIN\C51.EXE STEPPER L2.c OPTIMIZE(8,SPEED) BROWSE DEBUG OBJECTEXTEND PRINT(.\Listing
                    -s\STEPPER L2.lst) TABS(2) OBJECT(.\Objects\STEPPER L2.obj)

line level    source

   1          #include<reg52.h>
   2          #include<stdio.h>
   3          
   4          void delay(int);
   5          
   6          void main()
   7          {
   8   1        do
   9   1        {
  10   2          P2=0x01; //0001
  11   2          delay(1000);
  12   2          P2=0x02; //0010
  13   2          delay(1000);
  14   2          P2=0x04; //0100
  15   2          delay(1000);
  16   2          P2=0x08; //1000
  17   2          delay(1000);
  18   2        }
  19   1      while(1);
  20   1      }
  21          
  22          void delay(int k)
  23          {
  24   1        int i,j;
  25   1        for(i=0;i<k;i++)
  26   1        {
  27   2          for(j=0;j<100;j++)
  28   2          {}
  29   2        }
  30   1      }


MODULE INFORMATION:   STATIC OVERLAYABLE
   CODE SIZE        =     68    ----
   CONSTANT SIZE    =   ----    ----
   XDATA SIZE       =   ----    ----
   PDATA SIZE       =   ----    ----
   DATA SIZE        =   ----    ----
   IDATA SIZE       =   ----    ----
   BIT SIZE         =   ----    ----
END OF MODULE INFORMATION.


C51 COMPILATION COMPLETE.  0 WARNING(S),  0 ERROR(S)
