C51 COMPILER V9.60.0.0   CONTROL_2                                                         07/06/2024 09:21:06 PAGE 1   


C51 COMPILER V9.60.0.0, COMPILATION OF MODULE CONTROL_2
OBJECT MODULE PLACED IN .\Objects\control 2.obj
COMPILER INVOKED BY: C:\Keil_v5\C51\BIN\C51.EXE control 2.c OPTIMIZE(8,SPEED) BROWSE DEBUG OBJECTEXTEND PRINT(.\Listings
                    -\control 2.lst) TABS(2) OBJECT(.\Objects\control 2.obj)

line level    source

   1          #include<reg51.h>
   2          void Delay(unsigned int time);
   3          void main(void)
   4          {
   5   1        while(1){
   6   2          P2 = P1;
   7   2          Delay(1000);
   8   2        }
   9   1      }
  10          
  11          void Delay(unsigned int time)
  12          {
  13   1        unsigned int i,j;
  14   1        for (i = 0; i < time; i++){
  15   2          for (j = 0; j < 23; j++){
  16   3          }
  17   2        }
  18   1      }


MODULE INFORMATION:   STATIC OVERLAYABLE
   CODE SIZE        =     44    ----
   CONSTANT SIZE    =   ----    ----
   XDATA SIZE       =   ----    ----
   PDATA SIZE       =   ----    ----
   DATA SIZE        =   ----    ----
   IDATA SIZE       =   ----    ----
   BIT SIZE         =   ----    ----
END OF MODULE INFORMATION.


C51 COMPILATION COMPLETE.  0 WARNING(S),  0 ERROR(S)
