C51 COMPILER V9.60.7.0   TASK                                                              10/15/2025 12:33:02 PAGE 1   


C51 COMPILER V9.60.7.0, COMPILATION OF MODULE TASK
OBJECT MODULE PLACED IN .\Objects\task.obj
COMPILER INVOKED BY: C:\Keil_v5\C51\BIN\C51.EXE task.c OPTIMIZE(8,SPEED) BROWSE DEBUG OBJECTEXTEND PRINT(.\Listings\task
                    -.lst) TABS(2) OBJECT(.\Objects\task.obj)

line level    source

   1          #include <reg51.h>
   2          void Delay()
   3          {
   4   1        int i,j;
   5   1        for(i=0;i<1000;i++)
   6   1        {
   7   2          for(j=0;j<100;j++)
   8   2          {
   9   3          }
  10   2        }
  11   1      }
  12          void main()
  13          {
  14   1        while(1)
  15   1        {
  16   2          P2=0x09;
  17   2          Delay();
  18   2          P2=0x0C;
  19   2          Delay();
  20   2          P2=0x06;
  21   2          Delay();
  22   2          P2=0x03;
  23   2          Delay();
  24   2          
  25   2        }
  26   1      }


MODULE INFORMATION:   STATIC OVERLAYABLE
   CODE SIZE        =     55    ----
   CONSTANT SIZE    =   ----    ----
   XDATA SIZE       =   ----    ----
   PDATA SIZE       =   ----    ----
   DATA SIZE        =   ----    ----
   IDATA SIZE       =   ----    ----
   BIT SIZE         =   ----    ----
END OF MODULE INFORMATION.


C51 COMPILATION COMPLETE.  0 WARNING(S),  0 ERROR(S)
