C51 COMPILER V9.60.0.0   8_PATTERN                                                         07/06/2024 08:37:17 PAGE 1   


C51 COMPILER V9.60.0.0, COMPILATION OF MODULE 8_PATTERN
OBJECT MODULE PLACED IN .\Objects\8 pattern.obj
COMPILER INVOKED BY: C:\Keil_v5\C51\BIN\C51.EXE 8 pattern.c OPTIMIZE(8,SPEED) BROWSE DEBUG OBJECTEXTEND PRINT(.\Listings
                    -\8 pattern.lst) TABS(2) OBJECT(.\Objects\8 pattern.obj)

line level    source

   1          #include<reg51.h>
   2          void delay();
   3          
   4          void main()
   5          {
   6   1        while(1)
   7   1        {
   8   2          P1 = 0xCC; // Pattern to turn on alternate LEDs - 10101010
   9   2          delay();
  10   2          P1 = 0x33; // Reverse the pattern
  11   2          delay();
  12   2        }
  13   1      }
  14          
  15          void delay()
  16          {
  17   1        unsigned int i, j;
  18   1        for(i = 0; i < 23; i++)
  19   1        {
  20   2          for(j = 0; j < 1000; j++)
  21   2          {
  22   3          }
  23   2        }
  24   1      }


MODULE INFORMATION:   STATIC OVERLAYABLE
   CODE SIZE        =     43    ----
   CONSTANT SIZE    =   ----    ----
   XDATA SIZE       =   ----    ----
   PDATA SIZE       =   ----    ----
   DATA SIZE        =   ----    ----
   IDATA SIZE       =   ----    ----
   BIT SIZE         =   ----    ----
END OF MODULE INFORMATION.


C51 COMPILATION COMPLETE.  0 WARNING(S),  0 ERROR(S)
