C51 COMPILER V9.60.7.0   1ST_LAB                                                           04/29/2025 20:40:40 PAGE 1   


C51 COMPILER V9.60.7.0, COMPILATION OF MODULE 1ST_LAB
OBJECT MODULE PLACED IN .\Objects\1st_Lab.obj
COMPILER INVOKED BY: C:\Keil_v5\C51\BIN\C51.EXE 1st_Lab.c OPTIMIZE(8,SPEED) BROWSE DEBUG OBJECTEXTEND PRINT(.\Listings\1
                    -st_Lab.lst) TABS(2) OBJECT(.\Objects\1st_Lab.obj)

line level    source

   1          #include<reg52.H>
   2          sbit LED = P2^1;
   3          void Delay();
   4          void main()
   5          {
   6   1          while(1)
   7   1          {
   8   2              LED = 0;
   9   2              Delay();
  10   2              LED=1;
  11   2              Delay();
  12   2          }
  13   1      }
  14          void Delay()
  15          {
  16   1          int i,j;
  17   1          for (i=0; i<10; i++)
  18   1          {
  19   2              for(j=0; j<10000; j++) {}
  20   2          }
  21   1      }


MODULE INFORMATION:   STATIC OVERLAYABLE
   CODE SIZE        =     41    ----
   CONSTANT SIZE    =   ----    ----
   XDATA SIZE       =   ----    ----
   PDATA SIZE       =   ----    ----
   DATA SIZE        =   ----    ----
   IDATA SIZE       =   ----    ----
   BIT SIZE         =   ----    ----
END OF MODULE INFORMATION.


C51 COMPILATION COMPLETE.  0 WARNING(S),  0 ERROR(S)
