C51 COMPILER V9.60.7.0   4TH_LAB                                                           06/20/2025 11:50:49 PAGE 1   


C51 COMPILER V9.60.7.0, COMPILATION OF MODULE 4TH_LAB
OBJECT MODULE PLACED IN .\Objects\4th_Lab.obj
COMPILER INVOKED BY: C:\Keil_v5\C51\BIN\C51.EXE 4th_Lab.c OPTIMIZE(8,SPEED) BROWSE DEBUG OBJECTEXTEND PRINT(.\Listings\4
                    -th_Lab.lst) TABS(2) OBJECT(.\Objects\4th_Lab.obj)

line level    source

   1          #include <reg51.h>
   2          sbit red = P2 ^ 0;
   3          sbit yellow = P2 ^ 1;
   4          sbit green = P2 ^ 2;
   5          void Delay(int time)
   6          {
   7   1          int i, j;
   8   1          for (i = 0; i < time; i++)
   9   1          {
  10   2              for (j = 0; j < 1000; j++)
  11   2              {
  12   3              }
  13   2          }
  14   1      }
  15          void main()
  16          {
  17   1          yellow = 0;
  18   1          red = 0;
  19   1          green = 0;
  20   1          while (1)
  21   1          {
  22   2              red = 1;
  23   2              Delay(200);
  24   2              red = 0;
  25   2      
  26   2              yellow = 1;
  27   2              Delay(200);
  28   2              yellow = 0;
  29   2      
  30   2              green = 1;
  31   2              Delay(200);
  32   2              green = 0;
  33   2      
  34   2              yellow = 1;
  35   2              Delay(200);
  36   2              yellow = 0;
  37   2          }
  38   1      }


MODULE INFORMATION:   STATIC OVERLAYABLE
   CODE SIZE        =     78    ----
   CONSTANT SIZE    =   ----    ----
   XDATA SIZE       =   ----    ----
   PDATA SIZE       =   ----    ----
   DATA SIZE        =   ----    ----
   IDATA SIZE       =   ----    ----
   BIT SIZE         =   ----    ----
END OF MODULE INFORMATION.


C51 COMPILATION COMPLETE.  0 WARNING(S),  0 ERROR(S)
