C51 COMPILER V9.60.7.0   5TH_LAB                                                           07/02/2025 11:56:34 PAGE 1   


C51 COMPILER V9.60.7.0, COMPILATION OF MODULE 5TH_LAB
OBJECT MODULE PLACED IN .\Objects\5th_Lab.obj
COMPILER INVOKED BY: C:\Keil_v5\C51\BIN\C51.EXE 5th_Lab.c OPTIMIZE(8,SPEED) BROWSE DEBUG OBJECTEXTEND PRINT(.\Listings\5
                    -th_Lab.lst) TABS(2) OBJECT(.\Objects\5th_Lab.obj)

line level    source

   1          #include <reg51.h>
   2          void Delay(int timer)
   3          {
   4   1          int i, j;
   5   1          for (i = 0; i < timer; i++)
   6   1          {
   7   2              for (j = 0; j < 1275; j++)
   8   2              {
   9   3              }
  10   2          }
  11   1      }
  12          void main()
  13          {
  14   1          char number[] = {0x3F, 0x86, 0x5B, 0x4F, 0x66, 0x6D, 0x7D, 0x07, 0x7F, 0x6F};
  15   1          int i, j;
  16   1          P2 = 0x00;
  17   1          P3 = 0x00;
  18   1          while (1)
  19   1          {
  20   2              for (i = 0; i <= 9; i++)
  21   2              {
  22   3                  P2 = number[i];
  23   3                  for (j = 0; j <= 9; j++)
  24   3                  {
  25   4                      P3 = number[j];
  26   4                      Delay(50);
  27   4                  }
  28   3              }
  29   2          }
  30   1      }


MODULE INFORMATION:   STATIC OVERLAYABLE
   CODE SIZE        =    124    ----
   CONSTANT SIZE    =     10    ----
   XDATA SIZE       =   ----    ----
   PDATA SIZE       =   ----    ----
   DATA SIZE        =   ----      12
   IDATA SIZE       =   ----    ----
   BIT SIZE         =   ----    ----
END OF MODULE INFORMATION.


C51 COMPILATION COMPLETE.  0 WARNING(S),  0 ERROR(S)
