C51 COMPILER V9.60.7.0   6TH_LAB                                                           07/03/2025 14:11:19 PAGE 1   


C51 COMPILER V9.60.7.0, COMPILATION OF MODULE 6TH_LAB
OBJECT MODULE PLACED IN .\Objects\6th_Lab.obj
COMPILER INVOKED BY: C:\Keil_v5\C51\BIN\C51.EXE 6th_Lab.c OPTIMIZE(8,SPEED) BROWSE DEBUG OBJECTEXTEND PRINT(.\Listings\6
                    -th_Lab.lst) TABS(2) OBJECT(.\Objects\6th_Lab.obj)

line level    source

   1          #include <reg51.h>
   2          void Delay(int timer)
   3          {
   4   1          int i, j;
   5   1          for (i = 0; i < timer; i++)
   6   1        {
   7   2              for (j = 0; j < 1000; j++)
   8   2          {}
   9   2        }
  10   1      }
  11          void main()
  12          {
  13   1          P2 = 0x00;
  14   1          while (1)
  15   1          {
  16   2              P2++;
  17   2              Delay(200);
  18   2          }
  19   1      }


MODULE INFORMATION:   STATIC OVERLAYABLE
   CODE SIZE        =     52    ----
   CONSTANT SIZE    =   ----    ----
   XDATA SIZE       =   ----    ----
   PDATA SIZE       =   ----    ----
   DATA SIZE        =   ----    ----
   IDATA SIZE       =   ----    ----
   BIT SIZE         =   ----    ----
END OF MODULE INFORMATION.


C51 COMPILATION COMPLETE.  0 WARNING(S),  0 ERROR(S)
