C51 COMPILER V9.60.7.0   8TH_LAB                                                           11/05/2025 10:02:43 PAGE 1   


C51 COMPILER V9.60.7.0, COMPILATION OF MODULE 8TH_LAB
OBJECT MODULE PLACED IN .\Objects\8th_Lab.obj
COMPILER INVOKED BY: C:\Keil_v5\C51\BIN\C51.EXE 8th_Lab.c OPTIMIZE(8,SPEED) BROWSE DEBUG OBJECTEXTEND PRINT(.\Listings\8
                    -th_Lab.lst) TABS(2) OBJECT(.\Objects\8th_Lab.obj)

line level    source

   1          #include <reg51.h>
   2          void Delay()
   3          {
   4   1        int i,j;
   5   1        for(i=0;i<1000;i++)
   6   1        {
   7   2          for(j=0;j<100;j++)
   8   2          {
   9   3          }
  10   2        }
  11   1      }
  12          void main()
  13          {
  14   1        while(1)
  15   1        {
  16   2          P2=0x03;
  17   2          Delay();
  18   2          P2=0x06;
  19   2          Delay();
  20   2          P2=0x0C;
  21   2          Delay();
  22   2        
  23   2          P2=0x09;
  24   2          Delay();
  25   2          
  26   2        }
  27   1      }


MODULE INFORMATION:   STATIC OVERLAYABLE
   CODE SIZE        =     55    ----
   CONSTANT SIZE    =   ----    ----
   XDATA SIZE       =   ----    ----
   PDATA SIZE       =   ----    ----
   DATA SIZE        =   ----    ----
   IDATA SIZE       =   ----    ----
   BIT SIZE         =   ----    ----
END OF MODULE INFORMATION.


C51 COMPILATION COMPLETE.  0 WARNING(S),  0 ERROR(S)
