C51 COMPILER V9.60.0.0   7_SEGMENT                                                         07/06/2024 08:25:30 PAGE 1   


C51 COMPILER V9.60.0.0, COMPILATION OF MODULE 7_SEGMENT
OBJECT MODULE PLACED IN .\Objects\7 segment.obj
COMPILER INVOKED BY: C:\Keil_v5\C51\BIN\C51.EXE 7 segment.c OPTIMIZE(8,SPEED) BROWSE DEBUG OBJECTEXTEND PRINT(.\Listings
                    -\7 segment.lst) TABS(2) OBJECT(.\Objects\7 segment.obj)

line level    source

   1          #include<reg51.h>
   2          void delay(unsigned int ms)
   3          {
   4   1        unsigned int i, j;
   5   1        for(i = 0; i<ms; i++)
   6   1        {
   7   2          for(j = 0; j<=1275; j++)
   8   2          {
   9   3          }
  10   2        }
  11   1      }
  12          
  13          void main(void)
  14          {
  15   1        char number[] = {0x3F, 0x06, 0x5B, 0x4F, 0x66, 0x6D, 0x7D, 0x07, 0x7F, 0x6F};
  16   1        int i, j;
  17   1        P2 = 0x00;
  18   1        P3 = 0x00;
  19   1        while(1)
  20   1        {
  21   2          for(i = 0; i<=9; i++)
  22   2          {
  23   3            P2 = number[i];
  24   3            for(j = 0; j<=9; j++)
  25   3            {
  26   4              P3 = number[j];
  27   4              delay(50);
  28   4            }
  29   3          }
  30   2        }
  31   1      }


MODULE INFORMATION:   STATIC OVERLAYABLE
   CODE SIZE        =    118    ----
   CONSTANT SIZE    =     10    ----
   XDATA SIZE       =   ----    ----
   PDATA SIZE       =   ----    ----
   DATA SIZE        =   ----      12
   IDATA SIZE       =   ----    ----
   BIT SIZE         =   ----    ----
END OF MODULE INFORMATION.


C51 COMPILATION COMPLETE.  0 WARNING(S),  0 ERROR(S)
