C51 COMPILER V9.60.0.0   REPROGRAM                                                         07/06/2024 09:17:06 PAGE 1   


C51 COMPILER V9.60.0.0, COMPILATION OF MODULE REPROGRAM
OBJECT MODULE PLACED IN .\Objects\reprogram.obj
COMPILER INVOKED BY: C:\Keil_v5\C51\BIN\C51.EXE reprogram.c OPTIMIZE(8,SPEED) BROWSE DEBUG OBJECTEXTEND PRINT(.\Listings
                    -\reprogram.lst) TABS(2) OBJECT(.\Objects\reprogram.obj)

line level    source

   1          #include<reg51.H>
   2          sbit LED = P2^0;
   3          void Delay(void);
   4          void main(void)
   5          {
   6   1        while(1)
   7   1        {
   8   2          LED = 0;
   9   2          Delay();
  10   2          LED = 1;
  11   2          Delay();
  12   2        }
  13   1      }
  14          
  15          void Delay(void)
  16          {
  17   1        int j;
  18   1        int i;
  19   1        for(i = 0; i < 10; i++)
  20   1        {
  21   2          for(j = 0; j < 10000; j++)
  22   2          {
  23   3          }
  24   2        }
  25   1      }


MODULE INFORMATION:   STATIC OVERLAYABLE
   CODE SIZE        =     41    ----
   CONSTANT SIZE    =   ----    ----
   XDATA SIZE       =   ----    ----
   PDATA SIZE       =   ----    ----
   DATA SIZE        =   ----    ----
   IDATA SIZE       =   ----    ----
   BIT SIZE         =   ----    ----
END OF MODULE INFORMATION.


C51 COMPILATION COMPLETE.  0 WARNING(S),  0 ERROR(S)
