C51 COMPILER V9.60.0.0   STEPPER_MOTOR                                                     07/05/2024 23:05:22 PAGE 1   


C51 COMPILER V9.60.0.0, COMPILATION OF MODULE STEPPER_MOTOR
OBJECT MODULE PLACED IN .\Objects\stepper motor.obj
COMPILER INVOKED BY: C:\Keil_v5\C51\BIN\C51.EXE stepper motor.c OPTIMIZE(8,SPEED) BROWSE DEBUG OBJECTEXTEND PRINT(.\List
                    -ings\stepper motor.lst) TABS(2) OBJECT(.\Objects\stepper motor.obj)

line level    source

   1          #include<reg51.h>
   2          #include<stdio.h>
   3          
   4          void delay(int);
   5          
   6          void main()
   7          {
   8   1        do
   9   1        {
  10   2          P2=0x01; //0001
  11   2          delay(1000);
  12   2          P2=0x04; //0100
  13   2          delay(1000);
  14   2          P2=0x02; //0010
  15   2          delay(1000);
  16   2          P2=0x08; //1000
  17   2          delay(1000);
  18   2        }while(1);
  19   1      }
  20          
  21          void delay(int k)
  22          {
  23   1        int i,j;
  24   1        for(i=0;i<k;i++)
  25   1        {
  26   2          for(j=0;j<100;j++)
  27   2          {}
  28   2        }
  29   1      }


MODULE INFORMATION:   STATIC OVERLAYABLE
   CODE SIZE        =     68    ----
   CONSTANT SIZE    =   ----    ----
   XDATA SIZE       =   ----    ----
   PDATA SIZE       =   ----    ----
   DATA SIZE        =   ----    ----
   IDATA SIZE       =   ----    ----
   BIT SIZE         =   ----    ----
END OF MODULE INFORMATION.


C51 COMPILATION COMPLETE.  0 WARNING(S),  0 ERROR(S)
